<?xml version="1.0" encoding="UTF-8"?>
<!-- Generated by org.testng.reporters.JUnitReportReporter -->
<testsuite skipped="0" hostname="DESKTOP-2NDAALP" name="testcases.PlaceOrderTest" tests="1" failures="0" timestamp="2020-07-17T11:19:59 IST" time="23.360" errors="0">
  <testcase name="placeOrderTest" time="23.360" classname="testcases.PlaceOrderTest"/>
  <system-out/>
</testsuite> <!-- testcases.PlaceOrderTest -->
